GROUP,PACKAGE,CLASS,INSTRUCTION_MISSED,INSTRUCTION_COVERED,BRANCH_MISSED,BRANCH_COVERED,LINE_MISSED,LINE_COVERED,COMPLEXITY_MISSED,COMPLEXITY_COVERED,METHOD_MISSED,METHOD_COVERED
AI Work Management Platform,com.aiworkflow.workmanagement.application.command,CreateTaskCommand,9,48,0,0,2,14,1,7,1,7
AI Work Management Platform,com.aiworkflow.workmanagement.application.command,CreateCommentCommand,0,70,0,0,0,18,0,9,0,9
AI Work Management Platform,com.aiworkflow.workmanagement.application.command,UpdateStoryCommand,16,42,0,0,4,14,3,6,3,6
AI Work Management Platform,com.aiworkflow.workmanagement.application.command,TransitionStoryCommand,0,43,0,0,0,12,0,6,0,6
AI Work Management Platform,com.aiworkflow.workmanagement.application.command,CreateStoryCommand,0,95,0,2,0,24,0,13,0,12
AI Work Management Platform,com.aiworkflow.workmanagement.orchestration.config,OrchestrationConfig,0,105,2,10,0,28,2,15,0,11
AI Work Management Platform,com.aiworkflow.workmanagement.orchestration.config,OrchestrationLlmProperties,0,49,0,0,0,17,0,9,0,9
AI Work Management Platform,com.aiworkflow.workmanagement.orchestration.config,LangChain4jConfig,0,7,0,0,0,2,0,2,0,2
AI Work Management Platform,com.aiworkflow.workmanagement.orchestration.config,OrchestrationLlmProperties.Provider,4,37,0,0,2,15,1,10,1,10
AI Work Management Platform,com.aiworkflow.workmanagement.orchestration.config,OrchestrationConfig.ContextConfig,0,66,0,6,0,20,0,11,0,8
AI Work Management Platform,com.aiworkflow.workmanagement.orchestration.config,OrchestrationConfig.TemplateConfig,0,36,0,2,0,12,0,7,0,6
AI Work Management Platform,com.aiworkflow.workmanagement.orchestration.config,OrchestrationLlmProperties.RoleMapping,10,25,2,0,2,9,2,6,1,6
AI Work Management Platform,com.aiworkflow.workmanagement.infrastructure.persistence,FileBasedCommentRepository.RepositoryException,5,4,0,0,2,2,1,1,1,1
AI Work Management Platform,com.aiworkflow.workmanagement.infrastructure.persistence,FileBasedTaskRepository.RepositoryException,5,4,0,0,2,2,1,1,1,1
AI Work Management Platform,com.aiworkflow.workmanagement.infrastructure.persistence,StoryDTO,0,194,2,12,0,58,2,21,0,16
AI Work Management Platform,com.aiworkflow.workmanagement.infrastructure.persistence,FileBasedActivityLogger,18,128,0,4,4,29,0,9,0,7
AI Work Management Platform,com.aiworkflow.workmanagement.infrastructure.persistence,FileBasedCommentRepository.CommentMarkdownFormatter,5,201,3,14,1,42,3,9,0,2
AI Work Management Platform,com.aiworkflow.workmanagement.infrastructure.persistence,FileBasedActivityLogger.ActivityLogEntry,0,39,0,0,0,14,0,7,0,7
AI Work Management Platform,com.aiworkflow.workmanagement.infrastructure.persistence,FileBasedStoryRepository.RepositoryException,5,4,0,0,2,2,1,1,1,1
AI Work Management Platform,com.aiworkflow.workmanagement.infrastructure.persistence,FileBasedCommentRepository,57,258,4,18,12,52,4,19,0,12
AI Work Management Platform,com.aiworkflow.workmanagement.infrastructure.persistence,FileBasedStoryRepository,97,461,6,20,22,98,6,32,0,25
AI Work Management Platform,com.aiworkflow.workmanagement.infrastructure.persistence,FileBasedTaskRepository,53,297,3,21,13,56,3,22,0,13
AI Work Management Platform,com.aiworkflow.workmanagement.infrastructure.persistence,FileBasedActivityLogger.ActivityLoggerException,5,0,0,0,2,0,1,0,1,0
AI Work Management Platform,com.aiworkflow.workmanagement.infrastructure.persistence,TaskDTO,0,196,5,21,0,61,5,23,0,15
AI Work Management Platform,com.aiworkflow.workmanagement,WorkManagementApplication,5,3,0,0,2,1,1,1,1,1
AI Work Management Platform,com.aiworkflow.workmanagement.orchestration.node.template,TaskPlanningTemplateNode,2,222,1,1,1,56,2,4,1,4
AI Work Management Platform,com.aiworkflow.workmanagement.orchestration.node.template,DesignTemplateNode,2,302,1,1,1,76,2,4,1,4
AI Work Management Platform,com.aiworkflow.workmanagement.orchestration.node.template,AbstractTemplateNodeAction,12,73,2,8,4,23,2,8,0,5
AI Work Management Platform,com.aiworkflow.workmanagement.orchestration.node.template,ResearchTemplateNode,2,133,0,4,1,33,1,6,1,4
AI Work Management Platform,com.aiworkflow.workmanagement.orchestration.node.template,TestStrategyTemplateNode,2,354,1,1,1,89,2,4,1,4
AI Work Management Platform,com.aiworkflow.workmanagement.domain.service,InvalidStateTransitionException,64,41,6,0,15,10,10,2,7,2
AI Work Management Platform,com.aiworkflow.workmanagement.domain.service,StateTransitionValidator,120,130,18,30,29,30,16,19,6,5
AI Work Management Platform,com.aiworkflow.workmanagement.orchestration.graph,StateGraphBuilder,31,171,5,3,5,32,4,5,0,5
AI Work Management Platform,com.aiworkflow.workmanagement.domain.valueobject,RoleName,46,23,9,3,8,7,9,3,3,3
AI Work Management Platform,com.aiworkflow.workmanagement.domain.valueobject,StoryId,2,84,1,15,1,17,1,14,0,7
AI Work Management Platform,com.aiworkflow.workmanagement.domain.valueobject,CommentId,46,44,5,7,7,11,9,5,4,4
AI Work Management Platform,com.aiworkflow.workmanagement.domain.valueobject,TaskId,44,31,8,4,7,9,8,5,2,5
AI Work Management Platform,com.aiworkflow.workmanagement.domain.valueobject,ArtifactName,74,33,9,3,12,8,12,4,6,4
AI Work Management Platform,com.aiworkflow.workmanagement.domain.model,WorkspaceConfig,232,81,29,3,60,21,43,2,27,2
AI Work Management Platform,com.aiworkflow.workmanagement.domain.model,TaskState,40,54,18,10,5,9,13,6,2,2
AI Work Management Platform,com.aiworkflow.workmanagement.domain.model,Task,90,181,18,18,16,56,18,27,3,24
AI Work Management Platform,com.aiworkflow.workmanagement.domain.model,Role,33,49,8,6,4,8,9,6,4,4
AI Work Management Platform,com.aiworkflow.workmanagement.domain.model,Artifact,250,51,34,6,53,17,44,3,24,3
AI Work Management Platform,com.aiworkflow.workmanagement.domain.model,Story,94,427,16,44,23,117,22,56,6,42
AI Work Management Platform,com.aiworkflow.workmanagement.domain.model,FileFormat,59,155,27,3,6,23,19,4,5,3
AI Work Management Platform,com.aiworkflow.workmanagement.domain.model,ArtifactType,31,70,14,2,8,13,12,3,2,2
AI Work Management Platform,com.aiworkflow.workmanagement.domain.model,PrioritizationState,18,35,4,4,5,6,3,5,1,3
AI Work Management Platform,com.aiworkflow.workmanagement.domain.model,Comment,125,130,22,16,27,40,24,18,6,17
AI Work Management Platform,com.aiworkflow.workmanagement.domain.model,CommentType,0,72,0,10,0,11,0,9,0,4
AI Work Management Platform,com.aiworkflow.workmanagement.domain.model,WorkflowState,2,93,2,26,1,13,2,16,0,4
AI Work Management Platform,com.aiworkflow.workmanagement.orchestration.service.impl,FileBasedProjectTokenUsageService,28,268,6,18,8,54,6,15,0,9
AI Work Management Platform,com.aiworkflow.workmanagement.orchestration.service.impl,DefaultTokenEstimationService,2,101,7,9,1,22,7,4,0,3
AI Work Management Platform,com.aiworkflow.workmanagement.orchestration.service.impl,RoleFileParser.RoleKeywords,0,9,0,0,0,1,0,1,0,1
AI Work Management Platform,com.aiworkflow.workmanagement.orchestration.service.impl,InMemoryRoleRegistry,0,117,0,8,0,26,0,15,0,11
AI Work Management Platform,com.aiworkflow.workmanagement.orchestration.service.impl,RoleStartupReportWriter,26,187,1,5,4,34,2,5,1,3
AI Work Management Platform,com.aiworkflow.workmanagement.orchestration.service.impl,DefaultUsageBlockFormatter,191,6,6,0,31,3,7,1,4,1
AI Work Management Platform,com.aiworkflow.workmanagement.orchestration.service.impl,RoleModelServiceImpl,31,171,2,6,6,40,2,9,0,7
AI Work Management Platform,com.aiworkflow.workmanagement.orchestration.service.impl,PromptTemplateServiceImpl,3,324,4,18,1,60,4,20,0,13
AI Work Management Platform,com.aiworkflow.workmanagement.orchestration.service.impl,ArtifactOutputServiceImpl,17,232,0,8,4,60,0,12,0,8
AI Work Management Platform,com.aiworkflow.workmanagement.orchestration.service.impl,PromptTemplateServiceImpl.PromptOperation,0,52,0,0,0,11,0,4,0,4
AI Work Management Platform,com.aiworkflow.workmanagement.orchestration.service.impl,ContextAssemblyServiceImpl,42,355,4,16,14,90,4,22,0,16
AI Work Management Platform,com.aiworkflow.workmanagement.orchestration.service.impl,LlmConfigLoaderImpl,17,250,5,15,2,50,6,12,1,7
AI Work Management Platform,com.aiworkflow.workmanagement.orchestration.service.impl,OrchestrationServiceImpl,88,329,6,14,18,92,7,16,1,12
AI Work Management Platform,com.aiworkflow.workmanagement.orchestration.service.impl,FileBasedStoryTokenUsageService,24,318,6,14,6,58,6,13,0,9
AI Work Management Platform,com.aiworkflow.workmanagement.orchestration.service.impl,RoleFileParser,0,248,0,14,0,34,0,13,0,6
AI Work Management Platform,com.aiworkflow.workmanagement.startup,StartupEnvironmentLogger,15,150,0,0,4,25,0,3,0,3
AI Work Management Platform,com.aiworkflow.workmanagement.api.dto,StoryUpdateRequest,45,0,0,0,19,0,13,0,13,0
AI Work Management Platform,com.aiworkflow.workmanagement.api.dto,StoryUsageSummaryResponse,0,54,0,0,0,18,0,7,0,7
AI Work Management Platform,com.aiworkflow.workmanagement.api.dto,OrchestrationStatusResponse,15,0,0,0,6,0,3,0,3,0
AI Work Management Platform,com.aiworkflow.workmanagement.api.dto,ProviderModelUsageResponse,41,0,0,0,15,0,6,0,6,0
AI Work Management Platform,com.aiworkflow.workmanagement.api.dto,AssistantReference,0,39,0,0,0,14,0,7,0,7
AI Work Management Platform,com.aiworkflow.workmanagement.api.dto,OrchestrationRunDetailResponse,57,0,0,0,20,0,10,0,10,0
AI Work Management Platform,com.aiworkflow.workmanagement.api.dto,StoryCreateRequest,0,73,0,0,0,31,0,21,0,21
AI Work Management Platform,com.aiworkflow.workmanagement.api.dto,CommentResponse,0,89,0,0,0,33,0,12,0,12
AI Work Management Platform,com.aiworkflow.workmanagement.api.dto,TaskAssignRequest,10,0,0,0,4,0,3,0,3,0
AI Work Management Platform,com.aiworkflow.workmanagement.api.dto,TaskTransitionRequest,10,0,0,0,4,0,3,0,3,0
AI Work Management Platform,com.aiworkflow.workmanagement.api.dto,StoryTransitionRequest,24,0,0,0,10,0,7,0,7,0
AI Work Management Platform,com.aiworkflow.workmanagement.api.dto,TaskUpdateRequest,17,0,0,0,7,0,5,0,5,0
AI Work Management Platform,com.aiworkflow.workmanagement.api.dto,ArtifactReferenceResponse,39,0,0,0,15,0,6,0,6,0
AI Work Management Platform,com.aiworkflow.workmanagement.api.dto,TokenTotalsResponse,0,31,0,0,0,12,0,5,0,5
AI Work Management Platform,com.aiworkflow.workmanagement.api.dto,StoryResponse,4,116,1,1,0,42,1,15,0,15
AI Work Management Platform,com.aiworkflow.workmanagement.api.dto,CommentCreateRequest,0,52,0,0,0,22,0,15,0,15
AI Work Management Platform,com.aiworkflow.workmanagement.api.dto,AssistantResponse,0,27,0,0,0,10,0,5,0,5
AI Work Management Platform,com.aiworkflow.workmanagement.api.dto,TaskCreateRequest,0,45,0,0,0,19,0,13,0,13
AI Work Management Platform,com.aiworkflow.workmanagement.api.dto,TaskResponse,0,97,0,0,0,36,0,13,0,13
AI Work Management Platform,com.aiworkflow.workmanagement.api.dto,OrchestrationRunRequest,0,31,0,0,0,13,0,9,0,9
AI Work Management Platform,com.aiworkflow.workmanagement.api.dto,OrchestrationRunResponse,0,27,0,0,0,10,0,5,0,5
AI Work Management Platform,com.aiworkflow.workmanagement.orchestration.exception,ArtifactWriteException,0,9,0,0,0,4,0,2,0,2
AI Work Management Platform,com.aiworkflow.workmanagement.orchestration.exception,OrchestrationContextException,0,9,0,0,0,4,0,2,0,2
AI Work Management Platform,com.aiworkflow.workmanagement.orchestration.exception,OrchestrationException,0,13,0,0,0,6,0,3,0,3
AI Work Management Platform,com.aiworkflow.workmanagement.orchestration.exception,InvalidOrchestrationRequestException,0,9,0,0,0,4,0,2,0,2
AI Work Management Platform,com.aiworkflow.workmanagement.orchestration.exception,OrchestrationExecutionException,0,9,0,0,0,4,0,2,0,2
AI Work Management Platform,com.aiworkflow.workmanagement.orchestration.llm,LlmStartupReportService,6,33,0,0,2,9,0,3,0,3
AI Work Management Platform,com.aiworkflow.workmanagement.orchestration.llm,StubbedProviderChatClient,1,29,1,1,0,6,1,2,0,2
AI Work Management Platform,com.aiworkflow.workmanagement.orchestration.llm,LangChain4jChatClient,113,6,8,0,17,3,6,1,2,1
AI Work Management Platform,com.aiworkflow.workmanagement.orchestration.llm,RoutingLlmChatClient,29,90,5,7,4,19,5,5,0,4
AI Work Management Platform,com.aiworkflow.workmanagement.orchestration.llm,DefaultLlmProviderRegistry,11,87,4,10,4,17,5,7,1,4
AI Work Management Platform,com.aiworkflow.workmanagement.orchestration.llm,DummyChatClient,141,758,30,54,36,150,29,36,3,20
AI Work Management Platform,com.aiworkflow.workmanagement.orchestration.llm,DefaultLlmRoleMappingResolver,20,80,3,9,2,18,3,5,0,2
AI Work Management Platform,com.aiworkflow.workmanagement.orchestration.llm,LlmStartupReportWriter,0,153,0,2,0,27,0,7,0,6
AI Work Management Platform,com.aiworkflow.workmanagement.orchestration.llm,DefaultLlmSummaryService,0,22,0,0,0,9,0,2,0,2
AI Work Management Platform,com.aiworkflow.workmanagement.config,WorkManagementConfig,2,82,2,2,0,13,2,10,0,10
AI Work Management Platform,com.aiworkflow.workmanagement.config,DevtoolsRestartWarning,7,75,2,2,2,13,2,3,0,3
AI Work Management Platform,com.aiworkflow.workmanagement.orchestration.node.llm,ResearchLLMNode,0,16,0,0,0,5,0,4,0,4
AI Work Management Platform,com.aiworkflow.workmanagement.orchestration.node.llm,DesignLLMNode,0,16,0,0,0,5,0,4,0,4
AI Work Management Platform,com.aiworkflow.workmanagement.orchestration.node.llm,AbstractLLMNodeAction,76,70,13,3,25,21,10,4,2,4
AI Work Management Platform,com.aiworkflow.workmanagement.orchestration.node.llm,TestStrategyLLMNode,0,16,0,0,0,5,0,4,0,4
AI Work Management Platform,com.aiworkflow.workmanagement.orchestration.node.llm,TaskPlanningLLMNode,0,16,0,0,0,5,0,4,0,4
AI Work Management Platform,com.aiworkflow.workmanagement.application.service.impl,TaskServiceImpl.StoryNotFoundException,0,4,0,0,0,2,0,1,0,1
AI Work Management Platform,com.aiworkflow.workmanagement.application.service.impl,CommentServiceImpl.StoryNotFoundException,0,4,0,0,0,2,0,1,0,1
AI Work Management Platform,com.aiworkflow.workmanagement.application.service.impl,TaskServiceImpl,30,415,2,20,3,89,4,19,2,10
AI Work Management Platform,com.aiworkflow.workmanagement.application.service.impl,CommentServiceImpl,0,283,1,9,0,61,1,11,0,7
AI Work Management Platform,com.aiworkflow.workmanagement.application.service.impl,TaskServiceImpl.TaskNotFoundException,0,4,0,0,0,2,0,1,0,1
AI Work Management Platform,com.aiworkflow.workmanagement.application.service.impl,StoryServiceImpl,72,387,8,20,10,85,10,17,3,10
AI Work Management Platform,com.aiworkflow.workmanagement.application.service.impl,StoryServiceImpl.StoryNotFoundException,0,4,0,0,0,2,0,1,0,1
AI Work Management Platform,com.aiworkflow.workmanagement.orchestration.domain,ProjectTokenUsageSummary,0,39,0,0,0,14,0,7,0,7
AI Work Management Platform,com.aiworkflow.workmanagement.orchestration.domain,LlmUsageRecord,0,69,0,0,0,24,0,12,0,12
AI Work Management Platform,com.aiworkflow.workmanagement.orchestration.domain,LlmUsage,6,33,0,0,2,12,2,5,2,5
AI Work Management Platform,com.aiworkflow.workmanagement.orchestration.domain,ArtifactReference.Builder,0,25,0,0,0,7,0,4,0,4
AI Work Management Platform,com.aiworkflow.workmanagement.orchestration.domain,LlmRoleResolution,14,31,2,2,3,9,5,3,3,3
AI Work Management Platform,com.aiworkflow.workmanagement.orchestration.domain,RoleModelReport,6,45,3,3,0,12,3,6,0,6
AI Work Management Platform,com.aiworkflow.workmanagement.orchestration.domain,WorkTypeAssociations,2,65,1,5,0,14,1,5,0,3
AI Work Management Platform,com.aiworkflow.workmanagement.orchestration.domain,LlmRoleMapping,0,33,0,2,0,10,0,6,0,5
AI Work Management Platform,com.aiworkflow.workmanagement.orchestration.domain,TokenTotals,1,51,1,1,1,15,1,6,0,6
AI Work Management Platform,com.aiworkflow.workmanagement.orchestration.domain,ReferenceFile,11,218,4,16,1,44,4,21,0,15
AI Work Management Platform,com.aiworkflow.workmanagement.orchestration.domain,ProviderModelUsage,0,31,0,0,0,10,0,5,0,5
AI Work Management Platform,com.aiworkflow.workmanagement.orchestration.domain,OrchestrationContext,4,231,7,27,0,46,7,23,0,13
AI Work Management Platform,com.aiworkflow.workmanagement.orchestration.domain,OrchestrationState,18,257,4,12,3,66,5,28,1,24
AI Work Management Platform,com.aiworkflow.workmanagement.orchestration.domain,LlmConfigSnapshot,4,35,2,2,0,10,2,5,0,5
AI Work Management Platform,com.aiworkflow.workmanagement.orchestration.domain,ArtifactReference,4,128,5,17,0,28,5,17,0,11
AI Work Management Platform,com.aiworkflow.workmanagement.orchestration.domain,OrchestrationRequest.Builder,0,25,0,0,0,7,0,4,0,4
AI Work Management Platform,com.aiworkflow.workmanagement.orchestration.domain,OrchestrationResult.Builder,0,101,0,10,0,25,0,16,0,11
AI Work Management Platform,com.aiworkflow.workmanagement.orchestration.domain,UsageBlock,0,15,0,0,0,6,0,3,0,3
AI Work Management Platform,com.aiworkflow.workmanagement.orchestration.domain,LlmProviderConfig,0,33,0,0,0,12,0,6,0,6
AI Work Management Platform,com.aiworkflow.workmanagement.orchestration.domain,OrchestrationContext.Builder,0,32,0,0,0,9,0,5,0,5
AI Work Management Platform,com.aiworkflow.workmanagement.orchestration.domain,ExecutionOutcome,0,52,0,10,0,8,0,10,0,5
AI Work Management Platform,com.aiworkflow.workmanagement.orchestration.domain,OrchestrationRequest,4,156,5,23,0,36,5,21,0,12
AI Work Management Platform,com.aiworkflow.workmanagement.orchestration.domain,LlmSummary,4,35,2,2,0,10,2,5,0,5
AI Work Management Platform,com.aiworkflow.workmanagement.orchestration.domain,StoryTokenUsageSummary,0,27,0,0,0,10,0,5,0,5
AI Work Management Platform,com.aiworkflow.workmanagement.orchestration.domain,OrchestrationResult,6,207,5,23,0,54,5,29,0,20
AI Work Management Platform,com.aiworkflow.workmanagement.orchestration.domain,LlmChatResponse,0,27,0,0,0,10,0,5,0,5
AI Work Management Platform,com.aiworkflow.workmanagement.orchestration.domain,AgentRole,22,203,8,24,4,49,8,21,0,13
AI Work Management Platform,com.aiworkflow.workmanagement.orchestration.domain,LlmConfigDiagnostics,0,27,0,4,0,6,0,5,0,3
AI Work Management Platform,com.aiworkflow.workmanagement.api,TaskController,85,50,3,1,12,14,10,3,8,3
AI Work Management Platform,com.aiworkflow.workmanagement.api,OrchestrationRunRegistry,48,13,4,0,10,3,5,1,3,1
AI Work Management Platform,com.aiworkflow.workmanagement.api,HealthController,0,10,0,0,0,4,0,2,0,2
AI Work Management Platform,com.aiworkflow.workmanagement.api,ApiExceptionHandler,56,3,4,0,14,1,7,1,5,1
AI Work Management Platform,com.aiworkflow.workmanagement.api,CommentController,30,50,0,0,5,17,4,3,4,3
AI Work Management Platform,com.aiworkflow.workmanagement.api,OrchestrationController,199,302,23,21,42,67,30,12,8,12
AI Work Management Platform,com.aiworkflow.workmanagement.api,HealthService,37,11,6,0,6,4,4,1,1,1
AI Work Management Platform,com.aiworkflow.workmanagement.api,StoryController,112,62,12,4,25,20,15,3,7,3
AI Work Management Platform,com.aiworkflow.workmanagement.api,OrchestrationRunRecord,21,9,2,0,5,4,5,1,4,1
AI Work Management Platform,com.aiworkflow.workmanagement.api,ErrorResponse,39,0,0,0,14,0,7,0,7,0
AI Work Management Platform,com.aiworkflow.workmanagement.api,HealthResponse,0,27,0,0,0,10,0,5,0,5
