<?xml version="1.0" encoding="UTF-8"?>
<testsuite xmlns:xsi="http://www.w3.org/2001/XMLSchema-instance" xsi:noNamespaceSchemaLocation="https://maven.apache.org/surefire/maven-surefire-plugin/xsd/surefire-test-report-3.0.xsd" version="3.0" name="com.aiworkflow.workmanagement.orchestration.service.impl.OrchestrationServiceImplTest" time="0.346" tests="13" errors="0" skipped="0" failures="0">
  <properties>
[...]
</properties>
  <testcase name="shouldConvertContextToStateCorrectly" classname="com.aiworkflow.workmanagement.orchestration.service.impl.OrchestrationServiceImplTest" time="0.262">
    <system-out><![CDATA[2026-04-10T15:04:50.941-04:00  INFO 30089 --- [ai-work-management-platform] [           main] c.a.w.o.s.impl.OrchestrationServiceImpl  : OrchestrationService initialized with compiled StateGraph
2026-04-10T15:04:50.949-04:00  INFO 30089 --- [ai-work-management-platform] [           main] c.a.w.o.s.impl.OrchestrationServiceImpl  : Executing StateGraph for execution ID: 3df53dcb-21f2-4eac-8c79-ebe7e62a7c8b
2026-04-10T15:04:50.950-04:00  INFO 30089 --- [ai-work-management-platform] [           main] c.a.w.o.s.impl.OrchestrationServiceImpl  : StateGraph execution completed. Artifacts created: 1
]]></system-out>
  </testcase>
  <testcase name="shouldHandleOrchestrationWithNoArtifacts" classname="com.aiworkflow.workmanagement.orchestration.service.impl.OrchestrationServiceImplTest" time="0.005">
    <system-out><![CDATA[2026-04-10T15:04:50.961-04:00  INFO 30089 --- [ai-work-management-platform] [           main] c.a.w.o.s.impl.OrchestrationServiceImpl  : OrchestrationService initialized with compiled StateGraph
2026-04-10T15:04:50.962-04:00  INFO 30089 --- [ai-work-management-platform] [           main] c.a.w.o.s.impl.OrchestrationServiceImpl  : Executing StateGraph for execution ID: e1f72f59-cf3f-416e-94b5-8e55a4da86c7
2026-04-10T15:04:50.962-04:00  INFO 30089 --- [ai-work-management-platform] [           main] c.a.w.o.s.impl.OrchestrationServiceImpl  : StateGraph execution completed. Artifacts created: 0
]]></system-out>
  </testcase>
  <testcase name="shouldPropagateContextAssemblyException" classname="com.aiworkflow.workmanagement.orchestration.service.impl.OrchestrationServiceImplTest" time="0.009">
    <system-out><![CDATA[2026-04-10T15:04:50.968-04:00  INFO 30089 --- [ai-work-management-platform] [           main] c.a.w.o.s.impl.OrchestrationServiceImpl  : OrchestrationService initialized with compiled StateGraph
2026-04-10T15:04:50.973-04:00 ERROR 30089 --- [ai-work-management-platform] [           main] c.a.w.o.s.impl.OrchestrationServiceImpl  : Context assembly failed for execution 2dc8333d-fa1f-4de8-a0a5-2ca42b65157c: Failed to assemble context: Story not found
]]></system-out>
  </testcase>
  <testcase name="shouldExecuteFullOrchestrationFlowSuccessfully" classname="com.aiworkflow.workmanagement.orchestration.service.impl.OrchestrationServiceImplTest" time="0.006">
    <system-out><![CDATA[2026-04-10T15:04:50.978-04:00  INFO 30089 --- [ai-work-management-platform] [           main] c.a.w.o.s.impl.OrchestrationServiceImpl  : OrchestrationService initialized with compiled StateGraph
2026-04-10T15:04:50.979-04:00  INFO 30089 --- [ai-work-management-platform] [           main] c.a.w.o.s.impl.OrchestrationServiceImpl  : Executing StateGraph for execution ID: a95156c4-9bef-4654-8da1-b7be0e4efde7
2026-04-10T15:04:50.980-04:00  INFO 30089 --- [ai-work-management-platform] [           main] c.a.w.o.s.impl.OrchestrationServiceImpl  : StateGraph execution completed. Artifacts created: 2
]]></system-out>
  </testcase>
  <testcase name="shouldThrowExceptionWhenRequestIsNull" classname="com.aiworkflow.workmanagement.orchestration.service.impl.OrchestrationServiceImplTest" time="0.004">
    <system-out><![CDATA[2026-04-10T15:04:50.985-04:00  INFO 30089 --- [ai-work-management-platform] [           main] c.a.w.o.s.impl.OrchestrationServiceImpl  : OrchestrationService initialized with compiled StateGraph
]]></system-out>
  </testcase>
  <testcase name="shouldThrowExceptionWhenRequestedByIsNull" classname="com.aiworkflow.workmanagement.orchestration.service.impl.OrchestrationServiceImplTest" time="0.003">
    <system-out><![CDATA[2026-04-10T15:04:50.989-04:00  INFO 30089 --- [ai-work-management-platform] [           main] c.a.w.o.s.impl.OrchestrationServiceImpl  : OrchestrationService initialized with compiled StateGraph
]]></system-out>
  </testcase>
  <testcase name="shouldHandleProjectLevelRequest" classname="com.aiworkflow.workmanagement.orchestration.service.impl.OrchestrationServiceImplTest" time="0.004">
    <system-out><![CDATA[2026-04-10T15:04:50.994-04:00  INFO 30089 --- [ai-work-management-platform] [           main] c.a.w.o.s.impl.OrchestrationServiceImpl  : OrchestrationService initialized with compiled StateGraph
2026-04-10T15:04:50.995-04:00  INFO 30089 --- [ai-work-management-platform] [           main] c.a.w.o.s.impl.OrchestrationServiceImpl  : Executing StateGraph for execution ID: 7e56ef5b-f3bc-4085-93dc-ef76853cc761
2026-04-10T15:04:50.995-04:00  INFO 30089 --- [ai-work-management-platform] [           main] c.a.w.o.s.impl.OrchestrationServiceImpl  : StateGraph execution completed. Artifacts created: 1
]]></system-out>
  </testcase>
  <testcase name="shouldThrowExceptionWhenWorkIntentIsBlank" classname="com.aiworkflow.workmanagement.orchestration.service.impl.OrchestrationServiceImplTest" time="0.003">
    <system-out><![CDATA[2026-04-10T15:04:50.999-04:00  INFO 30089 --- [ai-work-management-platform] [           main] c.a.w.o.s.impl.OrchestrationServiceImpl  : OrchestrationService initialized with compiled StateGraph
]]></system-out>
  </testcase>
  <testcase name="shouldLogExecutionIdInAllLogEntries" classname="com.aiworkflow.workmanagement.orchestration.service.impl.OrchestrationServiceImplTest" time="0.004">
    <system-out><![CDATA[2026-04-10T15:04:51.003-04:00  INFO 30089 --- [ai-work-management-platform] [           main] c.a.w.o.s.impl.OrchestrationServiceImpl  : OrchestrationService initialized with compiled StateGraph
2026-04-10T15:04:51.004-04:00  INFO 30089 --- [ai-work-management-platform] [           main] c.a.w.o.s.impl.OrchestrationServiceImpl  : Executing StateGraph for execution ID: 21aab4ab-d4f6-44b3-ac6e-f4e1816494b9
2026-04-10T15:04:51.004-04:00  INFO 30089 --- [ai-work-management-platform] [           main] c.a.w.o.s.impl.OrchestrationServiceImpl  : StateGraph execution completed. Artifacts created: 1
]]></system-out>
  </testcase>
  <testcase name="shouldExecuteStateGraphWithAccumulatedArtifacts" classname="com.aiworkflow.workmanagement.orchestration.service.impl.OrchestrationServiceImplTest" time="0.004">
    <system-out><![CDATA[2026-04-10T15:04:51.008-04:00  INFO 30089 --- [ai-work-management-platform] [           main] c.a.w.o.s.impl.OrchestrationServiceImpl  : OrchestrationService initialized with compiled StateGraph
2026-04-10T15:04:51.009-04:00  INFO 30089 --- [ai-work-management-platform] [           main] c.a.w.o.s.impl.OrchestrationServiceImpl  : Executing StateGraph for execution ID: eec4dbfe-2806-42bd-bad6-b87cc1d9ce86
2026-04-10T15:04:51.009-04:00  INFO 30089 --- [ai-work-management-platform] [           main] c.a.w.o.s.impl.OrchestrationServiceImpl  : StateGraph execution completed. Artifacts created: 2
]]></system-out>
  </testcase>
  <testcase name="shouldThrowExceptionWhenWorkIntentIsNull" classname="com.aiworkflow.workmanagement.orchestration.service.impl.OrchestrationServiceImplTest" time="0.003">
    <system-out><![CDATA[2026-04-10T15:04:51.013-04:00  INFO 30089 --- [ai-work-management-platform] [           main] c.a.w.o.s.impl.OrchestrationServiceImpl  : OrchestrationService initialized with compiled StateGraph
]]></system-out>
  </testcase>
  <testcase name="shouldPropagateNodeExecutionException" classname="com.aiworkflow.workmanagement.orchestration.service.impl.OrchestrationServiceImplTest" time="0.016">
    <system-out><![CDATA[2026-04-10T15:04:51.017-04:00  INFO 30089 --- [ai-work-management-platform] [           main] c.a.w.o.s.impl.OrchestrationServiceImpl  : OrchestrationService initialized with compiled StateGraph
2026-04-10T15:04:51.018-04:00  INFO 30089 --- [ai-work-management-platform] [           main] c.a.w.o.s.impl.OrchestrationServiceImpl  : Executing StateGraph for execution ID: 93d028af-44f2-41ae-a037-5f5d6ef0922a
2026-04-10T15:04:51.018-04:00 ERROR 30089 --- [ai-work-management-platform] [           main] c.a.w.o.s.impl.OrchestrationServiceImpl  : StateGraph execution failed: StateGraph execution failed

java.lang.RuntimeException: StateGraph execution failed
	at org.bsc.langgraph4j.CompiledGraph.invoke(CompiledGraph.java:534) ~[langgraph4j-core-1.8.11.jar:na]
	at com.aiworkflow.workmanagement.orchestration.service.impl.OrchestrationServiceImpl.executeNodes(OrchestrationServiceImpl.java:230) ~[classes/:na]
	at com.aiworkflow.workmanagement.orchestration.service.impl.OrchestrationServiceImpl.orchestrate(OrchestrationServiceImpl.java:102) ~[classes/:na]
	at com.aiworkflow.workmanagement.orchestration.service.impl.OrchestrationServiceImplTest.lambda$shouldPropagateNodeExecutionException$5(OrchestrationServiceImplTest.java:308) ~[test-classes/:na]
	at org.assertj.core.api.ThrowableAssert.catchThrowable(ThrowableAssert.java:63) ~[assertj-core-3.24.2.jar:na]
	at org.assertj.core.api.AssertionsForClassTypes.catchThrowable(AssertionsForClassTypes.java:892) ~[assertj-core-3.24.2.jar:na]
	at org.assertj.core.api.Assertions.catchThrowable(Assertions.java:1366) ~[assertj-core-3.24.2.jar:na]
	at org.assertj.core.api.Assertions.assertThatThrownBy(Assertions.java:1210) ~[assertj-core-3.24.2.jar:na]
	at com.aiworkflow.workmanagement.orchestration.service.impl.OrchestrationServiceImplTest.shouldPropagateNodeExecutionException(OrchestrationServiceImplTest.java:308) ~[test-classes/:na]
	at java.base/jdk.internal.reflect.NativeMethodAccessorImpl.invoke0(Native Method) ~[na:na]
	at java.base/jdk.internal.reflect.NativeMethodAccessorImpl.invoke(NativeMethodAccessorImpl.java:77) ~[na:na]
	at java.base/jdk.internal.reflect.DelegatingMethodAccessorImpl.invoke(DelegatingMethodAccessorImpl.java:43) ~[na:na]
	at java.base/java.lang.reflect.Method.invoke(Method.java:569) ~[na:na]
	at org.junit.platform.commons.util.ReflectionUtils.invokeMethod(ReflectionUtils.java:728) ~[junit-platform-commons-1.10.2.jar:1.10.2]
	at org.junit.jupiter.engine.execution.MethodInvocation.proceed(MethodInvocation.java:60) ~[junit-jupiter-engine-5.10.2.jar:5.10.2]
	at org.junit.jupiter.engine.execution.InvocationInterceptorChain$ValidatingInvocation.proceed(InvocationInterceptorChain.java:131) ~[junit-jupiter-engine-5.10.2.jar:5.10.2]
	at org.junit.jupiter.engine.extension.TimeoutExtension.intercept(TimeoutExtension.java:156) ~[junit-jupiter-engine-5.10.2.jar:5.10.2]
	at org.junit.jupiter.engine.extension.TimeoutExtension.interceptTestableMethod(TimeoutExtension.java:147) ~[junit-jupiter-engine-5.10.2.jar:5.10.2]
	at org.junit.jupiter.engine.extension.TimeoutExtension.interceptTestMethod(TimeoutExtension.java:86) ~[junit-jupiter-engine-5.10.2.jar:5.10.2]
	at org.junit.jupiter.engine.execution.InterceptingExecutableInvoker$ReflectiveInterceptorCall.lambda$ofVoidMethod$0(InterceptingExecutableInvoker.java:103) ~[junit-jupiter-engine-5.10.2.jar:5.10.2]
	at org.junit.jupiter.engine.execution.InterceptingExecutableInvoker.lambda$invoke$0(InterceptingExecutableInvoker.java:93) ~[junit-jupiter-engine-5.10.2.jar:5.10.2]
	at org.junit.jupiter.engine.execution.InvocationInterceptorChain$InterceptedInvocation.proceed(InvocationInterceptorChain.java:106) ~[junit-jupiter-engine-5.10.2.jar:5.10.2]
	at org.junit.jupiter.engine.execution.InvocationInterceptorChain.proceed(InvocationInterceptorChain.java:64) ~[junit-jupiter-engine-5.10.2.jar:5.10.2]
	at org.junit.jupiter.engine.execution.InvocationInterceptorChain.chainAndInvoke(InvocationInterceptorChain.java:45) ~[junit-jupiter-engine-5.10.2.jar:5.10.2]
	at org.junit.jupiter.engine.execution.InvocationInterceptorChain.invoke(InvocationInterceptorChain.java:37) ~[junit-jupiter-engine-5.10.2.jar:5.10.2]
	at org.junit.jupiter.engine.execution.InterceptingExecutableInvoker.invoke(InterceptingExecutableInvoker.java:92) ~[junit-jupiter-engine-5.10.2.jar:5.10.2]
	at org.junit.jupiter.engine.execution.InterceptingExecutableInvoker.invoke(InterceptingExecutableInvoker.java:86) ~[junit-jupiter-engine-5.10.2.jar:5.10.2]
	at org.junit.jupiter.engine.descriptor.TestMethodTestDescriptor.lambda$invokeTestMethod$7(TestMethodTestDescriptor.java:218) ~[junit-jupiter-engine-5.10.2.jar:5.10.2]
	at org.junit.platform.engine.support.hierarchical.ThrowableCollector.execute(ThrowableCollector.java:73) ~[junit-platform-engine-1.10.2.jar:1.10.2]
	at org.junit.jupiter.engine.descriptor.TestMethodTestDescriptor.invokeTestMethod(TestMethodTestDescriptor.java:214) ~[junit-jupiter-engine-5.10.2.jar:5.10.2]
	at org.junit.jupiter.engine.descriptor.TestMethodTestDescriptor.execute(TestMethodTestDescriptor.java:139) ~[junit-jupiter-engine-5.10.2.jar:5.10.2]
	at org.junit.jupiter.engine.descriptor.TestMethodTestDescriptor.execute(TestMethodTestDescriptor.java:69) ~[junit-jupiter-engine-5.10.2.jar:5.10.2]
	at org.junit.platform.engine.support.hierarchical.NodeTestTask.lambda$executeRecursively$6(NodeTestTask.java:151) ~[junit-platform-engine-1.10.2.jar:1.10.2]
	at org.junit.platform.engine.support.hierarchical.ThrowableCollector.execute(ThrowableCollector.java:73) ~[junit-platform-engine-1.10.2.jar:1.10.2]
	at org.junit.platform.engine.support.hierarchical.NodeTestTask.lambda$executeRecursively$8(NodeTestTask.java:141) ~[junit-platform-engine-1.10.2.jar:1.10.2]
	at org.junit.platform.engine.support.hierarchical.Node.around(Node.java:137) ~[junit-platform-engine-1.10.2.jar:1.10.2]
	at org.junit.platform.engine.support.hierarchical.NodeTestTask.lambda$executeRecursively$9(NodeTestTask.java:139) ~[junit-platform-engine-1.10.2.jar:1.10.2]
	at org.junit.platform.engine.support.hierarchical.ThrowableCollector.execute(ThrowableCollector.java:73) ~[junit-platform-engine-1.10.2.jar:1.10.2]
	at org.junit.platform.engine.support.hierarchical.NodeTestTask.executeRecursively(NodeTestTask.java:138) ~[junit-platform-engine-1.10.2.jar:1.10.2]
	at org.junit.platform.engine.support.hierarchical.NodeTestTask.execute(NodeTestTask.java:95) ~[junit-platform-engine-1.10.2.jar:1.10.2]
	at java.base/java.util.ArrayList.forEach(ArrayList.java:1511) ~[na:na]
	at org.junit.platform.engine.support.hierarchical.SameThreadHierarchicalTestExecutorService.invokeAll(SameThreadHierarchicalTestExecutorService.java:41) ~[junit-platform-engine-1.10.2.jar:1.10.2]
	at org.junit.platform.engine.support.hierarchical.NodeTestTask.lambda$executeRecursively$6(NodeTestTask.java:155) ~[junit-platform-engine-1.10.2.jar:1.10.2]
	at org.junit.platform.engine.support.hierarchical.ThrowableCollector.execute(ThrowableCollector.java:73) ~[junit-platform-engine-1.10.2.jar:1.10.2]
	at org.junit.platform.engine.support.hierarchical.NodeTestTask.lambda$executeRecursively$8(NodeTestTask.java:141) ~[junit-platform-engine-1.10.2.jar:1.10.2]
	at org.junit.platform.engine.support.hierarchical.Node.around(Node.java:137) ~[junit-platform-engine-1.10.2.jar:1.10.2]
	at org.junit.platform.engine.support.hierarchical.NodeTestTask.lambda$executeRecursively$9(NodeTestTask.java:139) ~[junit-platform-engine-1.10.2.jar:1.10.2]
	at org.junit.platform.engine.support.hierarchical.ThrowableCollector.execute(ThrowableCollector.java:73) ~[junit-platform-engine-1.10.2.jar:1.10.2]
	at org.junit.platform.engine.support.hierarchical.NodeTestTask.executeRecursively(NodeTestTask.java:138) ~[junit-platform-engine-1.10.2.jar:1.10.2]
	at org.junit.platform.engine.support.hierarchical.NodeTestTask.execute(NodeTestTask.java:95) ~[junit-platform-engine-1.10.2.jar:1.10.2]
	at java.base/java.util.ArrayList.forEach(ArrayList.java:1511) ~[na:na]
	at org.junit.platform.engine.support.hierarchical.SameThreadHierarchicalTestExecutorService.invokeAll(SameThreadHierarchicalTestExecutorService.java:41) ~[junit-platform-engine-1.10.2.jar:1.10.2]
	at org.junit.platform.engine.support.hierarchical.NodeTestTask.lambda$executeRecursively$6(NodeTestTask.java:155) ~[junit-platform-engine-1.10.2.jar:1.10.2]
	at org.junit.platform.engine.support.hierarchical.ThrowableCollector.execute(ThrowableCollector.java:73) ~[junit-platform-engine-1.10.2.jar:1.10.2]
	at org.junit.platform.engine.support.hierarchical.NodeTestTask.lambda$executeRecursively$8(NodeTestTask.java:141) ~[junit-platform-engine-1.10.2.jar:1.10.2]
	at org.junit.platform.engine.support.hierarchical.Node.around(Node.java:137) ~[junit-platform-engine-1.10.2.jar:1.10.2]
	at org.junit.platform.engine.support.hierarchical.NodeTestTask.lambda$executeRecursively$9(NodeTestTask.java:139) ~[junit-platform-engine-1.10.2.jar:1.10.2]
	at org.junit.platform.engine.support.hierarchical.ThrowableCollector.execute(ThrowableCollector.java:73) ~[junit-platform-engine-1.10.2.jar:1.10.2]
	at org.junit.platform.engine.support.hierarchical.NodeTestTask.executeRecursively(NodeTestTask.java:138) ~[junit-platform-engine-1.10.2.jar:1.10.2]
	at org.junit.platform.engine.support.hierarchical.NodeTestTask.execute(NodeTestTask.java:95) ~[junit-platform-engine-1.10.2.jar:1.10.2]
	at org.junit.platform.engine.support.hierarchical.SameThreadHierarchicalTestExecutorService.submit(SameThreadHierarchicalTestExecutorService.java:35) ~[junit-platform-engine-1.10.2.jar:1.10.2]
	at org.junit.platform.engine.support.hierarchical.HierarchicalTestExecutor.execute(HierarchicalTestExecutor.java:57) ~[junit-platform-engine-1.10.2.jar:1.10.2]
	at org.junit.platform.engine.support.hierarchical.HierarchicalTestEngine.execute(HierarchicalTestEngine.java:54) ~[junit-platform-engine-1.10.2.jar:1.10.2]
	at org.junit.platform.launcher.core.EngineExecutionOrchestrator.execute(EngineExecutionOrchestrator.java:198) ~[junit-platform-launcher-1.10.2.jar:1.10.2]
	at org.junit.platform.launcher.core.EngineExecutionOrchestrator.execute(EngineExecutionOrchestrator.java:169) ~[junit-platform-launcher-1.10.2.jar:1.10.2]
	at org.junit.platform.launcher.core.EngineExecutionOrchestrator.execute(EngineExecutionOrchestrator.java:93) ~[junit-platform-launcher-1.10.2.jar:1.10.2]
	at org.junit.platform.launcher.core.EngineExecutionOrchestrator.lambda$execute$0(EngineExecutionOrchestrator.java:58) ~[junit-platform-launcher-1.10.2.jar:1.10.2]
	at org.junit.platform.launcher.core.EngineExecutionOrchestrator.withInterceptedStreams(EngineExecutionOrchestrator.java:141) ~[junit-platform-launcher-1.10.2.jar:1.10.2]
	at org.junit.platform.launcher.core.EngineExecutionOrchestrator.execute(EngineExecutionOrchestrator.java:57) ~[junit-platform-launcher-1.10.2.jar:1.10.2]
	at org.junit.platform.launcher.core.DefaultLauncher.execute(DefaultLauncher.java:103) ~[junit-platform-launcher-1.10.2.jar:1.10.2]
	at org.junit.platform.launcher.core.DefaultLauncher.execute(DefaultLauncher.java:85) ~[junit-platform-launcher-1.10.2.jar:1.10.2]
	at org.junit.platform.launcher.core.DelegatingLauncher.execute(DelegatingLauncher.java:47) ~[junit-platform-launcher-1.10.2.jar:1.10.2]
	at org.apache.maven.surefire.junitplatform.LazyLauncher.execute(LazyLauncher.java:50) ~[surefire-junit-platform-3.0.0.jar:3.0.0]
	at org.apache.maven.surefire.junitplatform.JUnitPlatformProvider.execute(JUnitPlatformProvider.java:184) ~[surefire-junit-platform-3.0.0.jar:3.0.0]
	at org.apache.maven.surefire.junitplatform.JUnitPlatformProvider.invokeAllTests(JUnitPlatformProvider.java:148) ~[surefire-junit-platform-3.0.0.jar:3.0.0]
	at org.apache.maven.surefire.junitplatform.JUnitPlatformProvider.invoke(JUnitPlatformProvider.java:122) ~[surefire-junit-platform-3.0.0.jar:3.0.0]
	at org.apache.maven.surefire.booter.ForkedBooter.runSuitesInProcess(ForkedBooter.java:385) ~[surefire-booter-3.0.0.jar:3.0.0]
	at org.apache.maven.surefire.booter.ForkedBooter.execute(ForkedBooter.java:162) ~[surefire-booter-3.0.0.jar:3.0.0]
	at org.apache.maven.surefire.booter.ForkedBooter.run(ForkedBooter.java:507) ~[surefire-booter-3.0.0.jar:3.0.0]
	at org.apache.maven.surefire.booter.ForkedBooter.main(ForkedBooter.java:495) ~[surefire-booter-3.0.0.jar:3.0.0]

2026-04-10T15:04:51.031-04:00 ERROR 30089 --- [ai-work-management-platform] [           main] c.a.w.o.s.impl.OrchestrationServiceImpl  : Orchestration execution failed for execution 93d028af-44f2-41ae-a037-5f5d6ef0922a: Failed to execute StateGraph: StateGraph execution failed
]]></system-out>
  </testcase>
  <testcase name="shouldIncludeOutcomeAndArtifactCountInCompletedLog" classname="com.aiworkflow.workmanagement.orchestration.service.impl.OrchestrationServiceImplTest" time="0.004">
    <system-out><![CDATA[2026-04-10T15:04:51.035-04:00  INFO 30089 --- [ai-work-management-platform] [           main] c.a.w.o.s.impl.OrchestrationServiceImpl  : OrchestrationService initialized with compiled StateGraph
2026-04-10T15:04:51.035-04:00  INFO 30089 --- [ai-work-management-platform] [           main] c.a.w.o.s.impl.OrchestrationServiceImpl  : Executing StateGraph for execution ID: 630f6c07-94b6-46bf-9dda-ea3082cba7e0
2026-04-10T15:04:51.036-04:00  INFO 30089 --- [ai-work-management-platform] [           main] c.a.w.o.s.impl.OrchestrationServiceImpl  : StateGraph execution completed. Artifacts created: 3
]]></system-out>
  </testcase>
</testsuite>